\BOOKMARK [0][]{thuchapter.1.0}{\376\377\166\356\137\125}{}% 1
\BOOKMARK [0][]{chapter.1}{\376\377\173\054\0001\172\340\000\040\137\025\212\000}{}% 2
\BOOKMARK [1][-]{section.1.1}{\376\377\0001\000.\0001\000\040\166\356\166\204}{chapter.1}% 3
\BOOKMARK [1][-]{section.1.2}{\376\377\0001\000.\0002\000\040\203\003\126\364}{chapter.1}% 4
\BOOKMARK [1][-]{section.1.3}{\376\377\0001\000.\0003\000\040\133\232\116\111\116\016\177\051\165\145\213\355}{chapter.1}% 5
\BOOKMARK [0][]{chapter.2}{\376\377\173\054\0002\172\340\000\040\140\073\117\123\143\317\217\360}{}% 6
\BOOKMARK [1][-]{section.2.1}{\376\377\0002\000.\0001\000\040\116\247\124\301\200\314\146\157}{chapter.2}% 7
\BOOKMARK [1][-]{section.2.2}{\376\377\0002\000.\0002\000\040\165\050\142\067\162\171\137\201}{chapter.2}% 8
\BOOKMARK [1][-]{section.2.3}{\376\377\0002\000.\0003\000\040\176\246\147\137\147\141\116\366}{chapter.2}% 9
\BOOKMARK [1][-]{section.2.4}{\376\377\0002\000.\0004\000\040\120\107\213\276\116\016\117\235\215\126}{chapter.2}% 10
\BOOKMARK [0][]{chapter.3}{\376\377\173\054\0003\172\340\000\040\227\000\154\102\211\304\150\074}{}% 11
\BOOKMARK [1][-]{section.3.1}{\376\377\0003\000.\0001\000\040\122\237\200\375\227\000\154\102}{chapter.3}% 12
\BOOKMARK [2][-]{subsection.3.1.1}{\376\377\0003\000.\0001\000.\0001\000\040\216\253\116\375\213\244\213\301\152\041\127\127}{section.3.1}% 13
\BOOKMARK [2][-]{subsection.3.1.2}{\376\377\0003\000.\0001\000.\0002\000\040\213\376\172\013\173\241\164\006\152\041\127\127}{section.3.1}% 14
\BOOKMARK [2][-]{subsection.3.1.3}{\376\377\0003\000.\0001\000.\0003\000\040\213\376\116\366\173\241\164\006\152\041\127\127}{section.3.1}% 15
\BOOKMARK [2][-]{subsection.3.1.4}{\376\377\0003\000.\0001\000.\0004\000\040\117\134\116\032\173\241\164\006\152\041\127\127}{section.3.1}% 16
\BOOKMARK [2][-]{subsection.3.1.5}{\376\377\0003\000.\0001\000.\0005\000\040\116\055\145\207\000\040\000T\000T\000S\000\040\152\041\127\127}{section.3.1}% 17
\BOOKMARK [2][-]{subsection.3.1.6}{\376\377\0003\000.\0001\000.\0006\000\040\137\125\227\363\152\041\127\127}{section.3.1}% 18
\BOOKMARK [2][-]{subsection.3.1.7}{\376\377\0003\000.\0001\000.\0007\000\040\166\364\144\255\213\376\130\002\152\041\127\127}{section.3.1}% 19
\BOOKMARK [2][-]{subsection.3.1.8}{\376\377\0003\000.\0001\000.\0008\000\040\173\241\164\006\124\016\123\360\152\041\127\127}{section.3.1}% 20
\BOOKMARK [1][-]{section.3.2}{\376\377\0003\000.\0002\000\040\227\136\122\237\200\375\227\000\154\102}{chapter.3}% 21
\BOOKMARK [2][-]{subsection.3.2.1}{\376\377\0003\000.\0002\000.\0001\000\040\140\047\200\375\227\000\154\102}{section.3.2}% 22
\BOOKMARK [2][-]{subsection.3.2.2}{\376\377\0003\000.\0002\000.\0002\000\040\133\211\121\150\140\047\227\000\154\102}{section.3.2}% 23
\BOOKMARK [2][-]{subsection.3.2.3}{\376\377\0003\000.\0002\000.\0003\000\040\123\357\227\140\140\047\227\000\154\102}{section.3.2}% 24
\BOOKMARK [2][-]{subsection.3.2.4}{\376\377\0003\000.\0002\000.\0004\000\040\123\357\176\364\142\244\140\047\227\000\154\102}{section.3.2}% 25
\BOOKMARK [2][-]{subsection.3.2.5}{\376\377\0003\000.\0002\000.\0005\000\040\165\050\142\067\165\114\227\142\227\000\154\102}{section.3.2}% 26
\BOOKMARK [0][]{chapter.4}{\376\377\173\054\0004\172\340\000\040\226\104\137\125}{}% 27
\BOOKMARK [0][]{section*.4}{\376\377\123\302\200\003\145\207\163\056}{}% 28
