\BOOKMARK [0][]{thuchapter.1.0}{\376\377\166\356\137\125}{}% 1
\BOOKMARK [0][]{chapter.1}{\376\377\173\054\0001\172\340\000\040\174\373\176\337\151\202\217\360}{}% 2
\BOOKMARK [1][-]{section.1.1}{\376\377\0001\000.\0001\000\040\174\373\176\337\173\200\116\313}{chapter.1}% 3
\BOOKMARK [1][-]{section.1.2}{\376\377\0001\000.\0002\000\040\217\320\210\114\163\257\130\203}{chapter.1}% 4
\BOOKMARK [1][-]{section.1.3}{\376\377\0001\000.\0003\000\040\211\322\202\162\213\364\146\016}{chapter.1}% 5
\BOOKMARK [0][]{chapter.2}{\376\377\173\054\0002\172\340\000\040\144\315\117\134\143\007\123\127}{}% 6
\BOOKMARK [1][-]{section.2.1}{\376\377\0002\000.\0001\000\040\145\131\136\010\144\315\117\134}{chapter.2}% 7
\BOOKMARK [2][-]{subsection.2.1.1}{\376\377\0002\000.\0001\000.\0001\000\040\166\173\137\125}{section.2.1}% 8
\BOOKMARK [2][-]{subsection.2.1.2}{\376\377\0002\000.\0001\000.\0002\000\040\122\033\136\372\213\376\172\013}{section.2.1}% 9
\BOOKMARK [2][-]{subsection.2.1.3}{\376\377\0002\000.\0001\000.\0003\000\040\116\012\117\040\213\376\116\366}{section.2.1}% 10
\BOOKMARK [2][-]{subsection.2.1.4}{\376\377\0002\000.\0001\000.\0004\000\040\173\241\164\006\133\146\165\037}{section.2.1}% 11
\BOOKMARK [2][-]{subsection.2.1.5}{\376\377\0002\000.\0001\000.\0005\000\040\137\000\124\057\166\364\144\255\213\376\130\002}{section.2.1}% 12
\BOOKMARK [1][-]{section.2.2}{\376\377\0002\000.\0002\000\040\133\146\165\037\144\315\117\134}{chapter.2}% 13
\BOOKMARK [2][-]{subsection.2.2.1}{\376\377\0002\000.\0002\000.\0001\000\040\154\350\121\214\116\016\166\173\137\125}{section.2.2}% 14
\BOOKMARK [2][-]{subsection.2.2.2}{\376\377\0002\000.\0002\000.\0002\000\040\217\333\121\145\213\376\172\013}{section.2.2}% 15
\BOOKMARK [2][-]{subsection.2.2.3}{\376\377\0002\000.\0002\000.\0003\000\040\133\214\142\020\117\134\116\032}{section.2.2}% 16
\BOOKMARK [2][-]{subsection.2.2.4}{\376\377\0002\000.\0002\000.\0004\000\040\137\125\227\363\176\303\116\140}{section.2.2}% 17
\BOOKMARK [1][-]{section.2.3}{\376\377\0002\000.\0003\000\040\173\241\164\006\124\130\144\315\117\134}{chapter.2}% 18
\BOOKMARK [2][-]{subsection.2.3.1}{\376\377\0002\000.\0003\000.\0001\000\040\124\016\123\360\166\173\137\125}{section.2.3}% 19
\BOOKMARK [2][-]{subsection.2.3.2}{\376\377\0002\000.\0003\000.\0002\000\040\215\046\123\367\173\241\164\006}{section.2.3}% 20
\BOOKMARK [2][-]{subsection.2.3.3}{\376\377\0002\000.\0003\000.\0003\000\040\145\160\143\156\147\345\167\013}{section.2.3}% 21
\BOOKMARK [0][]{chapter.3}{\376\377\173\054\0003\172\340\000\040\136\070\211\301\225\356\230\230}{}% 22
\BOOKMARK [0][]{section*.3}{\376\377\123\302\200\003\145\207\163\056}{}% 23
